0 info it worked if it ends with ok
1 verbose cli [ '/usr/bin/nodejs',
1 verbose cli   '/usr/bin/npm',
1 verbose cli   'install',
1 verbose cli   'jquery-lazyload' ]
2 info using npm@1.3.10
3 info using node@v0.10.25
4 verbose cache add [ 'jquery-lazyload', null ]
5 verbose cache add name=undefined spec="jquery-lazyload" args=["jquery-lazyload",null]
6 verbose parsed url { protocol: null,
6 verbose parsed url   slashes: null,
6 verbose parsed url   auth: null,
6 verbose parsed url   host: null,
6 verbose parsed url   port: null,
6 verbose parsed url   hostname: null,
6 verbose parsed url   hash: null,
6 verbose parsed url   search: null,
6 verbose parsed url   query: null,
6 verbose parsed url   pathname: 'jquery-lazyload',
6 verbose parsed url   path: 'jquery-lazyload',
6 verbose parsed url   href: 'jquery-lazyload' }
7 silly lockFile dd92b2bf-jquery-lazyload jquery-lazyload
8 verbose lock jquery-lazyload /home/mili/.npm/dd92b2bf-jquery-lazyload.lock
9 silly lockFile dd92b2bf-jquery-lazyload jquery-lazyload
10 silly lockFile dd92b2bf-jquery-lazyload jquery-lazyload
11 verbose addNamed [ 'jquery-lazyload', '' ]
12 verbose addNamed [ null, '*' ]
13 silly lockFile 9c7ccae9-jquery-lazyload jquery-lazyload@
14 verbose lock jquery-lazyload@ /home/mili/.npm/9c7ccae9-jquery-lazyload.lock
15 silly addNameRange { name: 'jquery-lazyload', range: '*', hasData: false }
16 verbose url raw jquery-lazyload
17 verbose url resolving [ 'https://registry.npmjs.org/', './jquery-lazyload' ]
18 verbose url resolved https://registry.npmjs.org/jquery-lazyload
19 info trying registry request attempt 1 at 18:22:14
20 http GET https://registry.npmjs.org/jquery-lazyload
21 info retry will retry, error on last attempt: Error: connect ECONNREFUSED
22 info trying registry request attempt 2 at 18:22:25
23 http GET https://registry.npmjs.org/jquery-lazyload
24 info retry will retry, error on last attempt: Error: connect ECONNREFUSED
25 info trying registry request attempt 3 at 18:23:25
26 http GET https://registry.npmjs.org/jquery-lazyload
27 silly lockFile 9c7ccae9-jquery-lazyload jquery-lazyload@
28 silly lockFile 9c7ccae9-jquery-lazyload jquery-lazyload@
29 error Error: connect ECONNREFUSED
29 error     at errnoException (net.js:901:11)
29 error     at Object.afterConnect [as oncomplete] (net.js:892:19)
29 error  { [Error: connect ECONNREFUSED]
29 error   code: 'ECONNREFUSED',
29 error   errno: 'ECONNREFUSED',
29 error   syscall: 'connect' }
30 error If you are behind a proxy, please make sure that the
30 error 'proxy' config is set properly.  See: 'npm help config'
31 error System Linux 3.13.0-119-generic
32 error command "/usr/bin/nodejs" "/usr/bin/npm" "install" "jquery-lazyload"
33 error cwd /home/mili/django/WebApp
34 error node -v v0.10.25
35 error npm -v 1.3.10
36 error syscall connect
37 error code ECONNREFUSED
38 error errno ECONNREFUSED
39 error stack Error: connect ECONNREFUSED
39 error stack     at errnoException (net.js:901:11)
39 error stack     at Object.afterConnect [as oncomplete] (net.js:892:19)
40 verbose exit [ 1, true ]
